INFO [2020-06-08 14:08:14] [[1]]
INFO [2020-06-08 14:08:14] list(SFIvsELI = rownames(adj_S_E), NITvsELI = rownames(adj_N_E), 
INFO [2020-06-08 14:08:14]     SFIvsNIT = rownames(adj_S_N))
INFO [2020-06-08 14:08:14] 
INFO [2020-06-08 14:08:14] [[2]]
INFO [2020-06-08 14:08:14] NULL
INFO [2020-06-08 14:08:14] 
INFO [2020-06-08 14:08:14] $lwd
INFO [2020-06-08 14:08:14] [1] 2
INFO [2020-06-08 14:08:14] 
INFO [2020-06-08 14:08:14] $lty
INFO [2020-06-08 14:08:14] [1] "blank"
INFO [2020-06-08 14:08:14] 
INFO [2020-06-08 14:08:14] $fill
INFO [2020-06-08 14:08:14] myColor
INFO [2020-06-08 14:08:14] 
INFO [2020-06-08 14:08:14] $cex
INFO [2020-06-08 14:08:14] [1] 0.6
INFO [2020-06-08 14:08:14] 
INFO [2020-06-08 14:08:14] $fontface
INFO [2020-06-08 14:08:14] [1] "bold"
INFO [2020-06-08 14:08:14] 
INFO [2020-06-08 14:08:14] $fontfamily
INFO [2020-06-08 14:08:14] [1] "sans"
INFO [2020-06-08 14:08:14] 
INFO [2020-06-08 14:08:14] $cat.cex
INFO [2020-06-08 14:08:14] [1] 0.6
INFO [2020-06-08 14:08:14] 
INFO [2020-06-08 14:08:14] $cat.fontface
INFO [2020-06-08 14:08:14] [1] "bold"
INFO [2020-06-08 14:08:14] 
INFO [2020-06-08 14:08:14] $cat.default.pos
INFO [2020-06-08 14:08:14] [1] "outer"
INFO [2020-06-08 14:08:14] 
