INFO [2020-06-08 12:38:25] [[1]]
INFO [2020-06-08 12:38:25] list(SFIvsELI = rownames(adj_S_E), NITvsELI = rownames(adj_N_E), 
INFO [2020-06-08 12:38:25]     SFIvsNIT = rownames(adj_S_N))
INFO [2020-06-08 12:38:25] 
INFO [2020-06-08 12:38:25] [[2]]
INFO [2020-06-08 12:38:25] NULL
INFO [2020-06-08 12:38:25] 
INFO [2020-06-08 12:38:25] $lwd
INFO [2020-06-08 12:38:25] [1] 2
INFO [2020-06-08 12:38:25] 
INFO [2020-06-08 12:38:25] $lty
INFO [2020-06-08 12:38:25] [1] "blank"
INFO [2020-06-08 12:38:25] 
INFO [2020-06-08 12:38:25] $fill
INFO [2020-06-08 12:38:25] myColor
INFO [2020-06-08 12:38:25] 
INFO [2020-06-08 12:38:25] $cex
INFO [2020-06-08 12:38:25] [1] 0.6
INFO [2020-06-08 12:38:25] 
INFO [2020-06-08 12:38:25] $fontface
INFO [2020-06-08 12:38:25] [1] "bold"
INFO [2020-06-08 12:38:25] 
INFO [2020-06-08 12:38:25] $fontfamily
INFO [2020-06-08 12:38:25] [1] "sans"
INFO [2020-06-08 12:38:25] 
INFO [2020-06-08 12:38:25] $cat.cex
INFO [2020-06-08 12:38:25] [1] 0.6
INFO [2020-06-08 12:38:25] 
INFO [2020-06-08 12:38:25] $cat.fontface
INFO [2020-06-08 12:38:25] [1] "bold"
INFO [2020-06-08 12:38:25] 
INFO [2020-06-08 12:38:25] $cat.default.pos
INFO [2020-06-08 12:38:25] [1] "outer"
INFO [2020-06-08 12:38:25] 
