INFO [2020-06-08 14:00:38] [[1]]
INFO [2020-06-08 14:00:38] list(SFIvsELI = rownames(adj_S_E), NITvsELI = rownames(adj_N_E), 
INFO [2020-06-08 14:00:38]     SFIvsNIT = rownames(adj_S_N))
INFO [2020-06-08 14:00:38] 
INFO [2020-06-08 14:00:38] [[2]]
INFO [2020-06-08 14:00:38] NULL
INFO [2020-06-08 14:00:38] 
INFO [2020-06-08 14:00:38] $lwd
INFO [2020-06-08 14:00:38] [1] 2
INFO [2020-06-08 14:00:38] 
INFO [2020-06-08 14:00:38] $lty
INFO [2020-06-08 14:00:38] [1] "blank"
INFO [2020-06-08 14:00:38] 
INFO [2020-06-08 14:00:38] $fill
INFO [2020-06-08 14:00:38] myColor
INFO [2020-06-08 14:00:38] 
INFO [2020-06-08 14:00:38] $cex
INFO [2020-06-08 14:00:38] [1] 0.6
INFO [2020-06-08 14:00:38] 
INFO [2020-06-08 14:00:38] $fontface
INFO [2020-06-08 14:00:38] [1] "bold"
INFO [2020-06-08 14:00:38] 
INFO [2020-06-08 14:00:38] $fontfamily
INFO [2020-06-08 14:00:38] [1] "sans"
INFO [2020-06-08 14:00:38] 
INFO [2020-06-08 14:00:38] $cat.cex
INFO [2020-06-08 14:00:38] [1] 0.6
INFO [2020-06-08 14:00:38] 
INFO [2020-06-08 14:00:38] $cat.fontface
INFO [2020-06-08 14:00:38] [1] "bold"
INFO [2020-06-08 14:00:38] 
INFO [2020-06-08 14:00:38] $cat.default.pos
INFO [2020-06-08 14:00:38] [1] "outer"
INFO [2020-06-08 14:00:38] 
