INFO [2020-06-08 12:32:11] [[1]]
INFO [2020-06-08 12:32:11] list(SFIvsELI = rownames(adj_S_E), NITvsELI = rownames(adj_N_E), 
INFO [2020-06-08 12:32:11]     SFIvsNIT = rownames(adj_S_N))
INFO [2020-06-08 12:32:11] 
INFO [2020-06-08 12:32:11] [[2]]
INFO [2020-06-08 12:32:11] NULL
INFO [2020-06-08 12:32:11] 
INFO [2020-06-08 12:32:11] $lwd
INFO [2020-06-08 12:32:11] [1] 2
INFO [2020-06-08 12:32:11] 
INFO [2020-06-08 12:32:11] $lty
INFO [2020-06-08 12:32:11] [1] "blank"
INFO [2020-06-08 12:32:11] 
INFO [2020-06-08 12:32:11] $fill
INFO [2020-06-08 12:32:11] myColor
INFO [2020-06-08 12:32:11] 
INFO [2020-06-08 12:32:11] $cex
INFO [2020-06-08 12:32:11] [1] 0.6
INFO [2020-06-08 12:32:11] 
INFO [2020-06-08 12:32:11] $fontface
INFO [2020-06-08 12:32:11] [1] "bold"
INFO [2020-06-08 12:32:11] 
INFO [2020-06-08 12:32:11] $fontfamily
INFO [2020-06-08 12:32:11] [1] "sans"
INFO [2020-06-08 12:32:11] 
INFO [2020-06-08 12:32:11] $cat.cex
INFO [2020-06-08 12:32:11] [1] 0.6
INFO [2020-06-08 12:32:11] 
INFO [2020-06-08 12:32:11] $cat.fontface
INFO [2020-06-08 12:32:11] [1] "bold"
INFO [2020-06-08 12:32:11] 
INFO [2020-06-08 12:32:11] $cat.default.pos
INFO [2020-06-08 12:32:11] [1] "outer"
INFO [2020-06-08 12:32:11] 
