INFO [2020-06-08 13:25:30] [[1]]
INFO [2020-06-08 13:25:30] list(SFIvsELI = rownames(adj_S_E), NITvsELI = rownames(adj_N_E), 
INFO [2020-06-08 13:25:30]     SFIvsNIT = rownames(adj_S_N))
INFO [2020-06-08 13:25:30] 
INFO [2020-06-08 13:25:30] [[2]]
INFO [2020-06-08 13:25:30] NULL
INFO [2020-06-08 13:25:30] 
INFO [2020-06-08 13:25:30] $lwd
INFO [2020-06-08 13:25:30] [1] 2
INFO [2020-06-08 13:25:30] 
INFO [2020-06-08 13:25:30] $lty
INFO [2020-06-08 13:25:30] [1] "blank"
INFO [2020-06-08 13:25:30] 
INFO [2020-06-08 13:25:30] $fill
INFO [2020-06-08 13:25:30] myColor
INFO [2020-06-08 13:25:30] 
INFO [2020-06-08 13:25:30] $cex
INFO [2020-06-08 13:25:30] [1] 0.6
INFO [2020-06-08 13:25:30] 
INFO [2020-06-08 13:25:30] $fontface
INFO [2020-06-08 13:25:30] [1] "bold"
INFO [2020-06-08 13:25:30] 
INFO [2020-06-08 13:25:30] $fontfamily
INFO [2020-06-08 13:25:30] [1] "sans"
INFO [2020-06-08 13:25:30] 
INFO [2020-06-08 13:25:30] $cat.cex
INFO [2020-06-08 13:25:30] [1] 0.6
INFO [2020-06-08 13:25:30] 
INFO [2020-06-08 13:25:30] $cat.fontface
INFO [2020-06-08 13:25:30] [1] "bold"
INFO [2020-06-08 13:25:30] 
INFO [2020-06-08 13:25:30] $cat.default.pos
INFO [2020-06-08 13:25:30] [1] "outer"
INFO [2020-06-08 13:25:30] 
