INFO [2020-06-08 14:13:28] [[1]]
INFO [2020-06-08 14:13:28] list(SFIvsELI = rownames(adj_S_E), NITvsELI = rownames(adj_N_E), 
INFO [2020-06-08 14:13:28]     SFIvsNIT = rownames(adj_S_N))
INFO [2020-06-08 14:13:28] 
INFO [2020-06-08 14:13:28] [[2]]
INFO [2020-06-08 14:13:28] NULL
INFO [2020-06-08 14:13:28] 
INFO [2020-06-08 14:13:28] $lwd
INFO [2020-06-08 14:13:28] [1] 2
INFO [2020-06-08 14:13:28] 
INFO [2020-06-08 14:13:28] $lty
INFO [2020-06-08 14:13:28] [1] "blank"
INFO [2020-06-08 14:13:28] 
INFO [2020-06-08 14:13:28] $fill
INFO [2020-06-08 14:13:28] myColor
INFO [2020-06-08 14:13:28] 
INFO [2020-06-08 14:13:28] $cex
INFO [2020-06-08 14:13:28] [1] 0.6
INFO [2020-06-08 14:13:28] 
INFO [2020-06-08 14:13:28] $fontface
INFO [2020-06-08 14:13:28] [1] "bold"
INFO [2020-06-08 14:13:28] 
INFO [2020-06-08 14:13:28] $fontfamily
INFO [2020-06-08 14:13:28] [1] "sans"
INFO [2020-06-08 14:13:28] 
INFO [2020-06-08 14:13:28] $cat.cex
INFO [2020-06-08 14:13:28] [1] 0.6
INFO [2020-06-08 14:13:28] 
INFO [2020-06-08 14:13:28] $cat.fontface
INFO [2020-06-08 14:13:28] [1] "bold"
INFO [2020-06-08 14:13:28] 
INFO [2020-06-08 14:13:28] $cat.default.pos
INFO [2020-06-08 14:13:28] [1] "outer"
INFO [2020-06-08 14:13:28] 
