INFO [2020-06-08 12:54:26] [[1]]
INFO [2020-06-08 12:54:26] list(SFIvsELI = rownames(adj_S_E), NITvsELI = rownames(adj_N_E), 
INFO [2020-06-08 12:54:26]     SFIvsNIT = rownames(adj_S_N))
INFO [2020-06-08 12:54:26] 
INFO [2020-06-08 12:54:26] [[2]]
INFO [2020-06-08 12:54:26] NULL
INFO [2020-06-08 12:54:26] 
INFO [2020-06-08 12:54:26] $lwd
INFO [2020-06-08 12:54:26] [1] 2
INFO [2020-06-08 12:54:26] 
INFO [2020-06-08 12:54:26] $lty
INFO [2020-06-08 12:54:26] [1] "blank"
INFO [2020-06-08 12:54:26] 
INFO [2020-06-08 12:54:26] $fill
INFO [2020-06-08 12:54:26] myColor
INFO [2020-06-08 12:54:26] 
INFO [2020-06-08 12:54:26] $cex
INFO [2020-06-08 12:54:26] [1] 0.6
INFO [2020-06-08 12:54:26] 
INFO [2020-06-08 12:54:26] $fontface
INFO [2020-06-08 12:54:26] [1] "bold"
INFO [2020-06-08 12:54:26] 
INFO [2020-06-08 12:54:26] $fontfamily
INFO [2020-06-08 12:54:26] [1] "sans"
INFO [2020-06-08 12:54:26] 
INFO [2020-06-08 12:54:26] $cat.cex
INFO [2020-06-08 12:54:26] [1] 0.6
INFO [2020-06-08 12:54:26] 
INFO [2020-06-08 12:54:26] $cat.fontface
INFO [2020-06-08 12:54:26] [1] "bold"
INFO [2020-06-08 12:54:26] 
INFO [2020-06-08 12:54:26] $cat.default.pos
INFO [2020-06-08 12:54:26] [1] "outer"
INFO [2020-06-08 12:54:26] 
