INFO [2020-06-08 12:43:58] [[1]]
INFO [2020-06-08 12:43:58] list(SFIvsELI = rownames(adj_S_E), NITvsELI = rownames(adj_N_E), 
INFO [2020-06-08 12:43:58]     SFIvsNIT = rownames(adj_S_N))
INFO [2020-06-08 12:43:58] 
INFO [2020-06-08 12:43:58] [[2]]
INFO [2020-06-08 12:43:58] NULL
INFO [2020-06-08 12:43:58] 
INFO [2020-06-08 12:43:58] $lwd
INFO [2020-06-08 12:43:58] [1] 2
INFO [2020-06-08 12:43:58] 
INFO [2020-06-08 12:43:58] $lty
INFO [2020-06-08 12:43:58] [1] "blank"
INFO [2020-06-08 12:43:58] 
INFO [2020-06-08 12:43:58] $fill
INFO [2020-06-08 12:43:58] myColor
INFO [2020-06-08 12:43:58] 
INFO [2020-06-08 12:43:58] $cex
INFO [2020-06-08 12:43:58] [1] 0.6
INFO [2020-06-08 12:43:58] 
INFO [2020-06-08 12:43:58] $fontface
INFO [2020-06-08 12:43:58] [1] "bold"
INFO [2020-06-08 12:43:58] 
INFO [2020-06-08 12:43:58] $fontfamily
INFO [2020-06-08 12:43:58] [1] "sans"
INFO [2020-06-08 12:43:58] 
INFO [2020-06-08 12:43:58] $cat.cex
INFO [2020-06-08 12:43:58] [1] 0.6
INFO [2020-06-08 12:43:58] 
INFO [2020-06-08 12:43:58] $cat.fontface
INFO [2020-06-08 12:43:58] [1] "bold"
INFO [2020-06-08 12:43:58] 
INFO [2020-06-08 12:43:58] $cat.default.pos
INFO [2020-06-08 12:43:58] [1] "outer"
INFO [2020-06-08 12:43:58] 
