INFO [2020-06-08 13:19:31] [[1]]
INFO [2020-06-08 13:19:31] list(SFIvsELI = rownames(adj_S_E), NITvsELI = rownames(adj_N_E), 
INFO [2020-06-08 13:19:31]     SFIvsNIT = rownames(adj_S_N))
INFO [2020-06-08 13:19:31] 
INFO [2020-06-08 13:19:31] [[2]]
INFO [2020-06-08 13:19:31] NULL
INFO [2020-06-08 13:19:31] 
INFO [2020-06-08 13:19:31] $lwd
INFO [2020-06-08 13:19:31] [1] 2
INFO [2020-06-08 13:19:31] 
INFO [2020-06-08 13:19:31] $lty
INFO [2020-06-08 13:19:31] [1] "blank"
INFO [2020-06-08 13:19:31] 
INFO [2020-06-08 13:19:31] $fill
INFO [2020-06-08 13:19:31] myColor
INFO [2020-06-08 13:19:31] 
INFO [2020-06-08 13:19:31] $cex
INFO [2020-06-08 13:19:31] [1] 0.6
INFO [2020-06-08 13:19:31] 
INFO [2020-06-08 13:19:31] $fontface
INFO [2020-06-08 13:19:31] [1] "bold"
INFO [2020-06-08 13:19:31] 
INFO [2020-06-08 13:19:31] $fontfamily
INFO [2020-06-08 13:19:31] [1] "sans"
INFO [2020-06-08 13:19:31] 
INFO [2020-06-08 13:19:31] $cat.cex
INFO [2020-06-08 13:19:31] [1] 0.6
INFO [2020-06-08 13:19:31] 
INFO [2020-06-08 13:19:31] $cat.fontface
INFO [2020-06-08 13:19:31] [1] "bold"
INFO [2020-06-08 13:19:31] 
INFO [2020-06-08 13:19:31] $cat.default.pos
INFO [2020-06-08 13:19:31] [1] "outer"
INFO [2020-06-08 13:19:31] 
