INFO [2020-06-08 13:05:01] [[1]]
INFO [2020-06-08 13:05:01] list(SFIvsELI = rownames(adj_S_E), NITvsELI = rownames(adj_N_E), 
INFO [2020-06-08 13:05:01]     SFIvsNIT = rownames(adj_S_N))
INFO [2020-06-08 13:05:01] 
INFO [2020-06-08 13:05:01] [[2]]
INFO [2020-06-08 13:05:01] NULL
INFO [2020-06-08 13:05:01] 
INFO [2020-06-08 13:05:01] $lwd
INFO [2020-06-08 13:05:01] [1] 2
INFO [2020-06-08 13:05:01] 
INFO [2020-06-08 13:05:01] $lty
INFO [2020-06-08 13:05:01] [1] "blank"
INFO [2020-06-08 13:05:01] 
INFO [2020-06-08 13:05:01] $fill
INFO [2020-06-08 13:05:01] myColor
INFO [2020-06-08 13:05:01] 
INFO [2020-06-08 13:05:01] $cex
INFO [2020-06-08 13:05:01] [1] 0.6
INFO [2020-06-08 13:05:01] 
INFO [2020-06-08 13:05:01] $fontface
INFO [2020-06-08 13:05:01] [1] "bold"
INFO [2020-06-08 13:05:01] 
INFO [2020-06-08 13:05:01] $fontfamily
INFO [2020-06-08 13:05:01] [1] "sans"
INFO [2020-06-08 13:05:01] 
INFO [2020-06-08 13:05:01] $cat.cex
INFO [2020-06-08 13:05:01] [1] 0.6
INFO [2020-06-08 13:05:01] 
INFO [2020-06-08 13:05:01] $cat.fontface
INFO [2020-06-08 13:05:01] [1] "bold"
INFO [2020-06-08 13:05:01] 
INFO [2020-06-08 13:05:01] $cat.default.pos
INFO [2020-06-08 13:05:01] [1] "outer"
INFO [2020-06-08 13:05:01] 
