INFO [2020-06-08 12:12:09] [[1]]
INFO [2020-06-08 12:12:09] list(SFIvsELI = rownames(adj_S_E), NITvsELI = rownames(adj_N_E), 
INFO [2020-06-08 12:12:09]     SFIvsNIT = rownames(adj_S_N))
INFO [2020-06-08 12:12:09] 
INFO [2020-06-08 12:12:09] [[2]]
INFO [2020-06-08 12:12:09] NULL
INFO [2020-06-08 12:12:09] 
INFO [2020-06-08 12:12:09] $lwd
INFO [2020-06-08 12:12:09] [1] 2
INFO [2020-06-08 12:12:09] 
INFO [2020-06-08 12:12:09] $lty
INFO [2020-06-08 12:12:09] [1] "blank"
INFO [2020-06-08 12:12:09] 
INFO [2020-06-08 12:12:09] $fill
INFO [2020-06-08 12:12:09] myColor
INFO [2020-06-08 12:12:09] 
INFO [2020-06-08 12:12:09] $cex
INFO [2020-06-08 12:12:09] [1] 0.6
INFO [2020-06-08 12:12:09] 
INFO [2020-06-08 12:12:09] $fontface
INFO [2020-06-08 12:12:09] [1] "bold"
INFO [2020-06-08 12:12:09] 
INFO [2020-06-08 12:12:09] $fontfamily
INFO [2020-06-08 12:12:09] [1] "sans"
INFO [2020-06-08 12:12:09] 
INFO [2020-06-08 12:12:09] $cat.cex
INFO [2020-06-08 12:12:09] [1] 0.6
INFO [2020-06-08 12:12:09] 
INFO [2020-06-08 12:12:09] $cat.fontface
INFO [2020-06-08 12:12:09] [1] "bold"
INFO [2020-06-08 12:12:09] 
INFO [2020-06-08 12:12:09] $cat.default.pos
INFO [2020-06-08 12:12:09] [1] "outer"
INFO [2020-06-08 12:12:09] 
