INFO [2020-06-08 14:18:04] [[1]]
INFO [2020-06-08 14:18:04] list(SFIvsELI = rownames(adj_S_E), NITvsELI = rownames(adj_N_E), 
INFO [2020-06-08 14:18:04]     SFIvsNIT = rownames(adj_S_N))
INFO [2020-06-08 14:18:04] 
INFO [2020-06-08 14:18:04] [[2]]
INFO [2020-06-08 14:18:04] NULL
INFO [2020-06-08 14:18:04] 
INFO [2020-06-08 14:18:04] $lwd
INFO [2020-06-08 14:18:04] [1] 2
INFO [2020-06-08 14:18:04] 
INFO [2020-06-08 14:18:04] $lty
INFO [2020-06-08 14:18:04] [1] "blank"
INFO [2020-06-08 14:18:04] 
INFO [2020-06-08 14:18:04] $fill
INFO [2020-06-08 14:18:04] myColor
INFO [2020-06-08 14:18:04] 
INFO [2020-06-08 14:18:04] $cex
INFO [2020-06-08 14:18:04] [1] 0.6
INFO [2020-06-08 14:18:04] 
INFO [2020-06-08 14:18:04] $fontface
INFO [2020-06-08 14:18:04] [1] "bold"
INFO [2020-06-08 14:18:04] 
INFO [2020-06-08 14:18:04] $fontfamily
INFO [2020-06-08 14:18:04] [1] "sans"
INFO [2020-06-08 14:18:04] 
INFO [2020-06-08 14:18:04] $cat.cex
INFO [2020-06-08 14:18:04] [1] 0.6
INFO [2020-06-08 14:18:04] 
INFO [2020-06-08 14:18:04] $cat.fontface
INFO [2020-06-08 14:18:04] [1] "bold"
INFO [2020-06-08 14:18:04] 
INFO [2020-06-08 14:18:04] $cat.default.pos
INFO [2020-06-08 14:18:04] [1] "outer"
INFO [2020-06-08 14:18:04] 
