INFO [2020-06-08 12:49:40] [[1]]
INFO [2020-06-08 12:49:40] list(SFIvsELI = rownames(adj_S_E), NITvsELI = rownames(adj_N_E), 
INFO [2020-06-08 12:49:40]     SFIvsNIT = rownames(adj_S_N))
INFO [2020-06-08 12:49:40] 
INFO [2020-06-08 12:49:40] [[2]]
INFO [2020-06-08 12:49:40] NULL
INFO [2020-06-08 12:49:40] 
INFO [2020-06-08 12:49:40] $lwd
INFO [2020-06-08 12:49:40] [1] 2
INFO [2020-06-08 12:49:40] 
INFO [2020-06-08 12:49:40] $lty
INFO [2020-06-08 12:49:40] [1] "blank"
INFO [2020-06-08 12:49:40] 
INFO [2020-06-08 12:49:40] $fill
INFO [2020-06-08 12:49:40] myColor
INFO [2020-06-08 12:49:40] 
INFO [2020-06-08 12:49:40] $cex
INFO [2020-06-08 12:49:40] [1] 0.6
INFO [2020-06-08 12:49:40] 
INFO [2020-06-08 12:49:40] $fontface
INFO [2020-06-08 12:49:40] [1] "bold"
INFO [2020-06-08 12:49:40] 
INFO [2020-06-08 12:49:40] $fontfamily
INFO [2020-06-08 12:49:40] [1] "sans"
INFO [2020-06-08 12:49:40] 
INFO [2020-06-08 12:49:40] $cat.cex
INFO [2020-06-08 12:49:40] [1] 0.6
INFO [2020-06-08 12:49:40] 
INFO [2020-06-08 12:49:40] $cat.fontface
INFO [2020-06-08 12:49:40] [1] "bold"
INFO [2020-06-08 12:49:40] 
INFO [2020-06-08 12:49:40] $cat.default.pos
INFO [2020-06-08 12:49:40] [1] "outer"
INFO [2020-06-08 12:49:40] 
