INFO [2020-06-08 15:08:51] [[1]]
INFO [2020-06-08 15:08:51] list(SFIvsELI = rownames(adj_S_E), NITvsELI = rownames(adj_N_E), 
INFO [2020-06-08 15:08:51]     SFIvsNIT = rownames(adj_S_N))
INFO [2020-06-08 15:08:51] 
INFO [2020-06-08 15:08:51] [[2]]
INFO [2020-06-08 15:08:51] NULL
INFO [2020-06-08 15:08:51] 
INFO [2020-06-08 15:08:51] $lwd
INFO [2020-06-08 15:08:51] [1] 2
INFO [2020-06-08 15:08:51] 
INFO [2020-06-08 15:08:51] $lty
INFO [2020-06-08 15:08:51] [1] "blank"
INFO [2020-06-08 15:08:51] 
INFO [2020-06-08 15:08:51] $fill
INFO [2020-06-08 15:08:51] myColor
INFO [2020-06-08 15:08:51] 
INFO [2020-06-08 15:08:51] $cex
INFO [2020-06-08 15:08:51] [1] 0.6
INFO [2020-06-08 15:08:51] 
INFO [2020-06-08 15:08:51] $fontface
INFO [2020-06-08 15:08:51] [1] "bold"
INFO [2020-06-08 15:08:51] 
INFO [2020-06-08 15:08:51] $fontfamily
INFO [2020-06-08 15:08:51] [1] "sans"
INFO [2020-06-08 15:08:51] 
INFO [2020-06-08 15:08:51] $cat.cex
INFO [2020-06-08 15:08:51] [1] 0.6
INFO [2020-06-08 15:08:51] 
INFO [2020-06-08 15:08:51] $cat.fontface
INFO [2020-06-08 15:08:51] [1] "bold"
INFO [2020-06-08 15:08:51] 
INFO [2020-06-08 15:08:51] $cat.default.pos
INFO [2020-06-08 15:08:51] [1] "outer"
INFO [2020-06-08 15:08:51] 
